[2024-06-02 11:16:43,469] 24 root - INFO - data ingestion started
[2024-06-02 11:16:43,576] 27 root - INFO - reading a csv file
[2024-06-02 11:16:44,203] 30 root - INFO -  i have saved the raw dataset in artifact folder
[2024-06-02 11:16:44,203] 32 root - INFO - here i have performed train test split
[2024-06-02 11:16:44,221] 34 root - INFO - train test split completed
[2024-06-02 11:16:44,846] 37 root - INFO - data ingestion part completed
[2024-06-02 11:16:44,954] 87 root - INFO - read train and test data complete
[2024-06-02 11:16:44,965] 88 root - INFO - Train Dataframe Head : 
       id  carat        cut color clarity  depth  table     x     y     z  price
0  182139   1.00      Ideal     H     SI2   62.1   56.0  6.40  6.43  3.97   3640
1   74682   1.01  Very Good     D     SI2   63.5   58.0  6.34  6.39  4.03   5174
2  152620   1.00      Ideal     G     SI1   62.4   57.0  6.37  6.42  3.99   5522
3   84946   1.21      Ideal     H     SI2   62.1   57.0  6.82  6.77  4.22   5504
4  132594   1.04      Ideal     G     VS2   62.4   57.0  6.44  6.48  4.04   6969
[2024-06-02 11:16:44,967] 89 root - INFO - Test Dataframe Head : 
       id  carat    cut color clarity  depth  table     x     y     z  price
0   38821   0.70   Good     H     SI2   63.2   61.0  5.58  5.61  3.53   1668
1   10190   0.40  Ideal     E     SI2   62.2   55.0  4.72  4.73  2.94    651
2   99952   1.70  Ideal     G     VS2   62.1   56.0  7.68  7.74  4.79  16570
3   63665   0.78  Ideal     F     SI1   61.5   56.0  5.91  5.94  3.65   2922
4  134657   0.54  Ideal     G     SI1   61.2   56.0  5.29  5.33  3.24   1412
[2024-06-02 11:16:44,967] 32 root - INFO - Data Transformation initiated
[2024-06-02 11:16:44,967] 43 root - INFO - Pipeline Initiated
[2024-06-02 11:16:45,172] 107 root - INFO - Applying preprocessing object on training and testing datasets.
[2024-06-02 11:16:45,178] 117 root - INFO - preprocessing pickle file saved
[2024-06-02 11:16:45,180] 26 root - INFO - Splitting Dependent and Independent variables from train and test data
[2024-06-02 11:16:45,523] 44 root - INFO - Model Report : {'LinearRegression': 0.9348337338734886, 'Lasso': 0.9352109482513548, 'Ridge': 0.9348342462801054, 'Elasticnet': 0.8528057531606316}
[2024-06-02 11:16:45,523] 57 root - INFO - Best Model Found , Model Name : Lasso , R2 Score : 0.9352109482513548
